<?xml version="1.0" encoding="UTF-8"?>
<!-- Generated by org.testng.reporters.JUnitXMLReporter -->
<testsuite ignored="0" hostname="DESKTOP-2021AMR" failures="2" tests="9" name="Login Test" time="23.724" errors="0" timestamp="2025-04-07T21:49:19 IST">
  <testcase classname="testcases.LoginTest" name="tc01_login" time="0.458"/>
  <testcase classname="testcases.LoginTest" name="tc02_addItem" time="6.035"/>
  <testcase classname="testcases.LoginTest" name="tc03_addpdfexceptImage" time="1.783"/>
  <testcase classname="testcases.LoginTest" name="tc04_additemWithoutImage" time="0.23">
    <failure type="org.openqa.selenium.InvalidArgumentException" message="invalid argument: &amp;apos;text&amp;apos; is empty
  (Session info: chrome=134.0.6998.178)
Build info: version: &amp;apos;4.28.1&amp;apos;, revision: &amp;apos;73f5ad48a2&amp;apos;
System info: os.name: &amp;apos;Windows 11&amp;apos;, os.arch: &amp;apos;amd64&amp;apos;, os.version: &amp;apos;10.0&amp;apos;, java.version: &amp;apos;23.0.1&amp;apos;
Driver info: org.openqa.selenium.chrome.ChromeDriver
Command: [4e8ca4e2f89213e226e85bc7d3830c68, sendKeysToElement {id=f.ED73DA796E62BFF9874B203D9A94DA1E.d.BAF04E3B458D1BF066CE5C31F828987C.e.29, value=[Ljava.lang.CharSequence;@6ab4ba9f}]
Capabilities {acceptInsecureCerts: false, browserName: chrome, browserVersion: 134.0.6998.178, chrome: {chromedriverVersion: 134.0.6998.165 (fd886e2cb29..., userDataDir: C:\Users\HP\AppData\Local\T...}, fedcm:accounts: true, goog:chromeOptions: {debuggerAddress: localhost:64602}, networkConnectionEnabled: false, pageLoadStrategy: normal, platformName: windows, proxy: Proxy(), se:cdp: ws://localhost:64602/devtoo..., se:cdpVersion: 134.0.6998.178, setWindowRect: true, strictFileInteractability: false, timeouts: {implicit: 0, pageLoad: 300000, script: 30000}, unhandledPromptBehavior: dismiss and notify, webauthn:extension:credBlob: true, webauthn:extension:largeBlob: true, webauthn:extension:minPinLength: true, webauthn:extension:prf: true, webauthn:virtualAuthenticators: true}
Element: [[ChromeDriver: chrome on windows (4e8ca4e2f89213e226e85bc7d3830c68)] -&amp;gt; xpath: //input[@id=&amp;apos;image1&amp;apos;]]
Session ID: 4e8ca4e2f89213e226e85bc7d3830c68">
      <![CDATA[org.openqa.selenium.InvalidArgumentException: invalid argument: 'text' is empty
  (Session info: chrome=134.0.6998.178)
Build info: version: '4.28.1', revision: '73f5ad48a2'
System info: os.name: 'Windows 11', os.arch: 'amd64', os.version: '10.0', java.version: '23.0.1'
Driver info: org.openqa.selenium.chrome.ChromeDriver
Command: [4e8ca4e2f89213e226e85bc7d3830c68, sendKeysToElement {id=f.ED73DA796E62BFF9874B203D9A94DA1E.d.BAF04E3B458D1BF066CE5C31F828987C.e.29, value=[Ljava.lang.CharSequence;@6ab4ba9f}]
Capabilities {acceptInsecureCerts: false, browserName: chrome, browserVersion: 134.0.6998.178, chrome: {chromedriverVersion: 134.0.6998.165 (fd886e2cb29..., userDataDir: C:\Users\HP\AppData\Local\T...}, fedcm:accounts: true, goog:chromeOptions: {debuggerAddress: localhost:64602}, networkConnectionEnabled: false, pageLoadStrategy: normal, platformName: windows, proxy: Proxy(), se:cdp: ws://localhost:64602/devtoo..., se:cdpVersion: 134.0.6998.178, setWindowRect: true, strictFileInteractability: false, timeouts: {implicit: 0, pageLoad: 300000, script: 30000}, unhandledPromptBehavior: dismiss and notify, webauthn:extension:credBlob: true, webauthn:extension:largeBlob: true, webauthn:extension:minPinLength: true, webauthn:extension:prf: true, webauthn:virtualAuthenticators: true}
Element: [[ChromeDriver: chrome on windows (4e8ca4e2f89213e226e85bc7d3830c68)] -> xpath: //input[@id='image1']]
Session ID: 4e8ca4e2f89213e226e85bc7d3830c68
at org.openqa.selenium.remote.ErrorCodec.decode(ErrorCodec.java:167)
at org.openqa.selenium.remote.codec.w3c.W3CHttpResponseCodec.decode(W3CHttpResponseCodec.java:138)
at org.openqa.selenium.remote.codec.w3c.W3CHttpResponseCodec.decode(W3CHttpResponseCodec.java:50)
at org.openqa.selenium.remote.HttpCommandExecutor.execute(HttpCommandExecutor.java:215)
at org.openqa.selenium.remote.service.DriverCommandExecutor.invokeExecute(DriverCommandExecutor.java:216)
at org.openqa.selenium.remote.service.DriverCommandExecutor.execute(DriverCommandExecutor.java:174)
at org.openqa.selenium.remote.RemoteWebDriver.execute(RemoteWebDriver.java:545)
at org.openqa.selenium.remote.RemoteWebElement.execute(RemoteWebElement.java:223)
at org.openqa.selenium.remote.RemoteWebElement.sendKeys(RemoteWebElement.java:110)
at pages.AddProduct.addItem(AddProduct.java:123)
at testcases.LoginTest.tc04_additemWithoutImage(LoginTest.java:47)
at java.base/java.util.ArrayList.forEach(ArrayList.java:1597)
... Removed 28 stack frames]]>
    </failure>
  </testcase> <!-- tc04_additemWithoutImage -->
  <testcase classname="testcases.LoginTest" name="tc05_addWithoutPdtname" time="3.41"/>
  <testcase classname="testcases.LoginTest" name="tc06_listItem" time="1.417"/>
  <testcase classname="testcases.LoginTest" name="tc07_list" time="1.628">
    <failure type="org.openqa.selenium.ElementClickInterceptedException" message="element click intercepted: Element &amp;lt;p class=&amp;quot;text-right md:text-center cursor-pointer text-lg&amp;quot;&amp;gt;...&amp;lt;/p&amp;gt; is not clickable at point (1182, 28). Other element would receive the click: &amp;lt;div id=&amp;quot;2&amp;quot; tabindex=&amp;quot;0&amp;quot; data-in=&amp;quot;true&amp;quot; class=&amp;quot;Toastify__toast Toastify__toast-theme--light Toastify__toast--success&amp;quot; role=&amp;quot;alert&amp;quot;&amp;gt;...&amp;lt;/div&amp;gt;
  (Session info: chrome=134.0.6998.178)
Build info: version: &amp;apos;4.28.1&amp;apos;, revision: &amp;apos;73f5ad48a2&amp;apos;
System info: os.name: &amp;apos;Windows 11&amp;apos;, os.arch: &amp;apos;amd64&amp;apos;, os.version: &amp;apos;10.0&amp;apos;, java.version: &amp;apos;23.0.1&amp;apos;
Driver info: org.openqa.selenium.chrome.ChromeDriver
Command: [4e8ca4e2f89213e226e85bc7d3830c68, clickElement {id=f.ED73DA796E62BFF9874B203D9A94DA1E.d.BAF04E3B458D1BF066CE5C31F828987C.e.150}]
Capabilities {acceptInsecureCerts: false, browserName: chrome, browserVersion: 134.0.6998.178, chrome: {chromedriverVersion: 134.0.6998.165 (fd886e2cb29..., userDataDir: C:\Users\HP\AppData\Local\T...}, fedcm:accounts: true, goog:chromeOptions: {debuggerAddress: localhost:64602}, networkConnectionEnabled: false, pageLoadStrategy: normal, platformName: windows, proxy: Proxy(), se:cdp: ws://localhost:64602/devtoo..., se:cdpVersion: 134.0.6998.178, setWindowRect: true, strictFileInteractability: false, timeouts: {implicit: 0, pageLoad: 300000, script: 30000}, unhandledPromptBehavior: dismiss and notify, webauthn:extension:credBlob: true, webauthn:extension:largeBlob: true, webauthn:extension:minPinLength: true, webauthn:extension:prf: true, webauthn:virtualAuthenticators: true}
Element: [[ChromeDriver: chrome on windows (4e8ca4e2f89213e226e85bc7d3830c68)] -&amp;gt; xpath: //p[text()=&amp;apos;X&amp;apos;]]
Session ID: 4e8ca4e2f89213e226e85bc7d3830c68">
      <![CDATA[org.openqa.selenium.ElementClickInterceptedException: element click intercepted: Element <p class="text-right md:text-center cursor-pointer text-lg">...</p> is not clickable at point (1182, 28). Other element would receive the click: <div id="2" tabindex="0" data-in="true" class="Toastify__toast Toastify__toast-theme--light Toastify__toast--success" role="alert">...</div>
  (Session info: chrome=134.0.6998.178)
Build info: version: '4.28.1', revision: '73f5ad48a2'
System info: os.name: 'Windows 11', os.arch: 'amd64', os.version: '10.0', java.version: '23.0.1'
Driver info: org.openqa.selenium.chrome.ChromeDriver
Command: [4e8ca4e2f89213e226e85bc7d3830c68, clickElement {id=f.ED73DA796E62BFF9874B203D9A94DA1E.d.BAF04E3B458D1BF066CE5C31F828987C.e.150}]
Capabilities {acceptInsecureCerts: false, browserName: chrome, browserVersion: 134.0.6998.178, chrome: {chromedriverVersion: 134.0.6998.165 (fd886e2cb29..., userDataDir: C:\Users\HP\AppData\Local\T...}, fedcm:accounts: true, goog:chromeOptions: {debuggerAddress: localhost:64602}, networkConnectionEnabled: false, pageLoadStrategy: normal, platformName: windows, proxy: Proxy(), se:cdp: ws://localhost:64602/devtoo..., se:cdpVersion: 134.0.6998.178, setWindowRect: true, strictFileInteractability: false, timeouts: {implicit: 0, pageLoad: 300000, script: 30000}, unhandledPromptBehavior: dismiss and notify, webauthn:extension:credBlob: true, webauthn:extension:largeBlob: true, webauthn:extension:minPinLength: true, webauthn:extension:prf: true, webauthn:virtualAuthenticators: true}
Element: [[ChromeDriver: chrome on windows (4e8ca4e2f89213e226e85bc7d3830c68)] -> xpath: //p[text()='X']]
Session ID: 4e8ca4e2f89213e226e85bc7d3830c68
at org.openqa.selenium.remote.ErrorCodec.decode(ErrorCodec.java:167)
at org.openqa.selenium.remote.codec.w3c.W3CHttpResponseCodec.decode(W3CHttpResponseCodec.java:138)
at org.openqa.selenium.remote.codec.w3c.W3CHttpResponseCodec.decode(W3CHttpResponseCodec.java:50)
at org.openqa.selenium.remote.HttpCommandExecutor.execute(HttpCommandExecutor.java:215)
at org.openqa.selenium.remote.service.DriverCommandExecutor.invokeExecute(DriverCommandExecutor.java:216)
at org.openqa.selenium.remote.service.DriverCommandExecutor.execute(DriverCommandExecutor.java:174)
at org.openqa.selenium.remote.RemoteWebDriver.execute(RemoteWebDriver.java:545)
at org.openqa.selenium.remote.RemoteWebElement.execute(RemoteWebElement.java:223)
at org.openqa.selenium.remote.RemoteWebElement.click(RemoteWebElement.java:76)
at pages.AdminLoginPage.removal(AdminLoginPage.java:64)
at testcases.LoginTest.tc07_list(LoginTest.java:73)
at java.base/java.util.ArrayList.forEach(ArrayList.java:1597)
... Removed 28 stack frames]]>
    </failure>
  </testcase> <!-- tc07_list -->
  <testcase classname="testcases.LoginTest" name="tc09_orderstatus" time="3.239"/>
  <testcase classname="testcases.LoginTest" name="tc10_logout" time="0.113"/>
</testsuite> <!-- Login Test -->
