<!DOCTYPE html>

<html>
  <head>
  <meta charset='utf-8'>
  <title>TestNG reports</title>

    <link type="text/css" href="testng-reports1.css" rel="stylesheet" id="ultra" />
    <link type="text/css" href="testng-reports.css" rel="stylesheet" id="retro" disabled="false"/>
    <script type="text/javascript" src="jquery-3.6.0.min.js"></script>
    <script type="text/javascript" src="testng-reports.js"></script>
    <script type="text/javascript" src="https://www.google.com/jsapi"></script>
    <script type='text/javascript'>
      google.load('visualization', '1', {packages:['table']});
      google.setOnLoadCallback(drawTable);
      var suiteTableInitFunctions = new Array();
      var suiteTableData = new Array();
    </script>
    <!--
      <script type="text/javascript" src="jquery-ui/js/jquery-ui-1.8.16.custom.min.js"></script>
     -->
  </head>

  <body>    <div class="top-banner-root">
      <span class="top-banner-title-font">Test results</span>
      <button id="button" class="button">Switch Retro Theme</button> <!-- button -->
      <br/>
      <span class="top-banner-font-1">1 suite, 3 failed tests</span>
    </div> <!-- top-banner-root -->
    <div class="navigator-root">
      <div class="navigator-suite-header">
        <span>All suites</span>
        <a href="#" title="Collapse/expand all the suites" class="collapse-all-link">
          <img src="collapseall.gif" class="collapse-all-icon">
          </img> <!-- collapse-all-icon -->
        </a> <!-- collapse-all-link -->
      </div> <!-- navigator-suite-header -->
      <div class="suite">
        <div class="rounded-window">
          <div class="suite-header light-rounded-window-top">
            <a href="#" panel-name="suite-Craftyfy_Test_Suite" class="navigator-link">
              <span class="suite-name border-failed">Craftyfy Test Suite</span>
            </a> <!-- navigator-link -->
          </div> <!-- suite-header light-rounded-window-top -->
          <div class="navigator-suite-content">
            <div class="suite-section-title">
              <span>Info</span>
            </div> <!-- suite-section-title -->
            <div class="suite-section-content">
              <ul>
                <li>
                  <a href="#" panel-name="test-xml-Craftyfy_Test_Suite" class="navigator-link ">
                    <span>E:\internship\Craftyfy\testng.xml</span>
                  </a> <!-- navigator-link  -->
                </li>
                <li>
                  <a href="#" panel-name="testlist-Craftyfy_Test_Suite" class="navigator-link ">
                    <span class="test-stats">2 tests</span>
                  </a> <!-- navigator-link  -->
                </li>
                <li>
                  <a href="#" panel-name="group-Craftyfy_Test_Suite" class="navigator-link ">
                    <span>0 groups</span>
                  </a> <!-- navigator-link  -->
                </li>
                <li>
                  <a href="#" panel-name="times-Craftyfy_Test_Suite" class="navigator-link ">
                    <span>Times</span>
                  </a> <!-- navigator-link  -->
                </li>
                <li>
                  <a href="#" panel-name="reporter-Craftyfy_Test_Suite" class="navigator-link ">
                    <span>Reporter output</span>
                  </a> <!-- navigator-link  -->
                </li>
                <li>
                  <a href="#" panel-name="ignored-methods-Craftyfy_Test_Suite" class="navigator-link ">
                    <span>Ignored methods</span>
                  </a> <!-- navigator-link  -->
                </li>
                <li>
                  <a href="#" panel-name="chronological-Craftyfy_Test_Suite" class="navigator-link ">
                    <span>Chronological view</span>
                  </a> <!-- navigator-link  -->
                </li>
              </ul>
            </div> <!-- suite-section-content -->
            <div class="result-section">
              <div class="suite-section-title">
                <span>Results</span>
              </div> <!-- suite-section-title -->
              <div class="suite-section-content">
                <ul>
                  <li>
                    <span class="method-stats">13 methods, 3 failed,   10 passed</span>
                  </li>
                  <li>
                    <span class="method-list-title failed">Failed methods</span>
                    <span class="show-or-hide-methods failed">
                      <a href="#" panel-name="suite-Craftyfy_Test_Suite" class="hide-methods failed suite-Craftyfy_Test_Suite"> (hide)</a> <!-- hide-methods failed suite-Craftyfy_Test_Suite -->
                      <a href="#" panel-name="suite-Craftyfy_Test_Suite" class="show-methods failed suite-Craftyfy_Test_Suite"> (show)</a> <!-- show-methods failed suite-Craftyfy_Test_Suite -->
                    </span>
                    <div class="method-list-content failed suite-Craftyfy_Test_Suite">
                      <span>
                        <img src="failed.png" width="3%"/>
                        <a href="#" panel-name="suite-Craftyfy_Test_Suite" title="testcases.LoginTest" class="method navigator-link" hash-for-method="tc04_additemWithoutImage">tc04_additemWithoutImage</a> <!-- method navigator-link -->
                      </span>
                      <br/>
                      <span>
                        <img src="failed.png" width="3%"/>
                        <a href="#" panel-name="suite-Craftyfy_Test_Suite" title="testcases.LoginTest" class="method navigator-link" hash-for-method="tc07_list">tc07_list</a> <!-- method navigator-link -->
                      </span>
                      <br/>
                      <span>
                        <img src="failed.png" width="3%"/>
                        <a href="#" panel-name="suite-Craftyfy_Test_Suite" title="testcases.PaymentTest" class="method navigator-link" hash-for-method="validSignUp">validSignUp</a> <!-- method navigator-link -->
                      </span>
                      <br/>
                    </div> <!-- method-list-content failed suite-Craftyfy_Test_Suite -->
                  </li>
                  <li>
                    <span class="method-list-title passed">Passed methods</span>
                    <span class="show-or-hide-methods passed">
                      <a href="#" panel-name="suite-Craftyfy_Test_Suite" class="hide-methods passed suite-Craftyfy_Test_Suite"> (hide)</a> <!-- hide-methods passed suite-Craftyfy_Test_Suite -->
                      <a href="#" panel-name="suite-Craftyfy_Test_Suite" class="show-methods passed suite-Craftyfy_Test_Suite"> (show)</a> <!-- show-methods passed suite-Craftyfy_Test_Suite -->
                    </span>
                    <div class="method-list-content passed suite-Craftyfy_Test_Suite">
                      <span>
                        <img src="passed.png" width="3%"/>
                        <a href="#" panel-name="suite-Craftyfy_Test_Suite" title="testcases.PaymentTest" class="method navigator-link" hash-for-method="invalidSignUp">invalidSignUp</a> <!-- method navigator-link -->
                      </span>
                      <br/>
                      <span>
                        <img src="passed.png" width="3%"/>
                        <a href="#" panel-name="suite-Craftyfy_Test_Suite" title="testcases.PaymentTest" class="method navigator-link" hash-for-method="logTest">logTest</a> <!-- method navigator-link -->
                      </span>
                      <br/>
                      <span>
                        <img src="passed.png" width="3%"/>
                        <a href="#" panel-name="suite-Craftyfy_Test_Suite" title="testcases.PaymentTest" class="method navigator-link" hash-for-method="payTest">payTest</a> <!-- method navigator-link -->
                      </span>
                      <br/>
                      <span>
                        <img src="passed.png" width="3%"/>
                        <a href="#" panel-name="suite-Craftyfy_Test_Suite" title="testcases.LoginTest" class="method navigator-link" hash-for-method="tc01_login">tc01_login</a> <!-- method navigator-link -->
                      </span>
                      <br/>
                      <span>
                        <img src="passed.png" width="3%"/>
                        <a href="#" panel-name="suite-Craftyfy_Test_Suite" title="testcases.LoginTest" class="method navigator-link" hash-for-method="tc02_addItem">tc02_addItem</a> <!-- method navigator-link -->
                      </span>
                      <br/>
                      <span>
                        <img src="passed.png" width="3%"/>
                        <a href="#" panel-name="suite-Craftyfy_Test_Suite" title="testcases.LoginTest" class="method navigator-link" hash-for-method="tc03_addpdfexceptImage">tc03_addpdfexceptImage</a> <!-- method navigator-link -->
                      </span>
                      <br/>
                      <span>
                        <img src="passed.png" width="3%"/>
                        <a href="#" panel-name="suite-Craftyfy_Test_Suite" title="testcases.LoginTest" class="method navigator-link" hash-for-method="tc05_addWithoutPdtname">tc05_addWithoutPdtname</a> <!-- method navigator-link -->
                      </span>
                      <br/>
                      <span>
                        <img src="passed.png" width="3%"/>
                        <a href="#" panel-name="suite-Craftyfy_Test_Suite" title="testcases.LoginTest" class="method navigator-link" hash-for-method="tc06_listItem">tc06_listItem</a> <!-- method navigator-link -->
                      </span>
                      <br/>
                      <span>
                        <img src="passed.png" width="3%"/>
                        <a href="#" panel-name="suite-Craftyfy_Test_Suite" title="testcases.LoginTest" class="method navigator-link" hash-for-method="tc09_orderstatus">tc09_orderstatus</a> <!-- method navigator-link -->
                      </span>
                      <br/>
                      <span>
                        <img src="passed.png" width="3%"/>
                        <a href="#" panel-name="suite-Craftyfy_Test_Suite" title="testcases.LoginTest" class="method navigator-link" hash-for-method="tc10_logout">tc10_logout</a> <!-- method navigator-link -->
                      </span>
                      <br/>
                    </div> <!-- method-list-content passed suite-Craftyfy_Test_Suite -->
                  </li>
                </ul>
              </div> <!-- suite-section-content -->
            </div> <!-- result-section -->
          </div> <!-- navigator-suite-content -->
        </div> <!-- rounded-window -->
      </div> <!-- suite -->
    </div> <!-- navigator-root -->
    <div class="wrapper">
      <div class="main-panel-root">
        <div panel-name="suite-Craftyfy_Test_Suite" class="panel Craftyfy_Test_Suite">
          <div class="suite-Craftyfy_Test_Suite-class-failed">
            <div class="main-panel-header rounded-window-top">
              <img src="failed.png"/>
              <span class="class-name">testcases.PaymentTest</span>
            </div> <!-- main-panel-header rounded-window-top -->
            <div class="main-panel-content rounded-window-bottom">
              <div class="method">
                <div class="method-content">
                  <a name="validSignUp">
                  </a> <!-- validSignUp -->
                  <span class="method-name">validSignUp</span>
                  <div class="stack-trace">org.openqa.selenium.NoSuchElementException: no such element: Unable to locate element: {&quot;method&quot;:&quot;xpath&quot;,&quot;selector&quot;:&quot;//input[@placeholder=&apos;Name&apos;]&quot;}
  (Session info: chrome=134.0.6998.178)
For documentation on this error, please visit: https://www.selenium.dev/documentation/webdriver/troubleshooting/errors#no-such-element-exception
Build info: version: &apos;4.28.1&apos;, revision: &apos;73f5ad48a2&apos;
System info: os.name: &apos;Windows 11&apos;, os.arch: &apos;amd64&apos;, os.version: &apos;10.0&apos;, java.version: &apos;23.0.1&apos;
Driver info: org.openqa.selenium.chrome.ChromeDriver
Command: [ff2dbc8c5adf7923c556a5371c5a2ca9, findElement {using=xpath, value=//input[@placeholder=&apos;Name&apos;]}]
Capabilities {acceptInsecureCerts: false, browserName: chrome, browserVersion: 134.0.6998.178, chrome: {chromedriverVersion: 134.0.6998.165 (fd886e2cb29..., userDataDir: C:\Users\HP\AppData\Local\T...}, fedcm:accounts: true, goog:chromeOptions: {debuggerAddress: localhost:64554}, networkConnectionEnabled: false, pageLoadStrategy: normal, platformName: windows, proxy: Proxy(), se:cdp: ws://localhost:64554/devtoo..., se:cdpVersion: 134.0.6998.178, setWindowRect: true, strictFileInteractability: false, timeouts: {implicit: 0, pageLoad: 300000, script: 30000}, unhandledPromptBehavior: dismiss and notify, webauthn:extension:credBlob: true, webauthn:extension:largeBlob: true, webauthn:extension:minPinLength: true, webauthn:extension:prf: true, webauthn:virtualAuthenticators: true}
Session ID: ff2dbc8c5adf7923c556a5371c5a2ca9
	at org.openqa.selenium.remote.ErrorCodec.decode(ErrorCodec.java:167)
	at org.openqa.selenium.remote.codec.w3c.W3CHttpResponseCodec.decode(W3CHttpResponseCodec.java:138)
	at org.openqa.selenium.remote.codec.w3c.W3CHttpResponseCodec.decode(W3CHttpResponseCodec.java:50)
	at org.openqa.selenium.remote.HttpCommandExecutor.execute(HttpCommandExecutor.java:215)
	at org.openqa.selenium.remote.service.DriverCommandExecutor.invokeExecute(DriverCommandExecutor.java:216)
	at org.openqa.selenium.remote.service.DriverCommandExecutor.execute(DriverCommandExecutor.java:174)
	at org.openqa.selenium.remote.RemoteWebDriver.execute(RemoteWebDriver.java:545)
	at org.openqa.selenium.remote.ElementLocation$ElementFinder$2.findElement(ElementLocation.java:165)
	at org.openqa.selenium.remote.ElementLocation.findElement(ElementLocation.java:59)
	at org.openqa.selenium.remote.RemoteWebDriver.findElement(RemoteWebDriver.java:368)
	at org.openqa.selenium.remote.RemoteWebDriver.findElement(RemoteWebDriver.java:362)
	at pages.SignUpPage.signUp(SignUpPage.java:27)
	at testcases.PaymentTest.validSignUp(PaymentTest.java:31)
	at java.base/java.util.ArrayList.forEach(ArrayList.java:1597)
... Removed 28 stack frames
</div> <!-- stack-trace -->
                </div> <!-- method-content -->
              </div> <!-- method -->
            </div> <!-- main-panel-content rounded-window-bottom -->
          </div> <!-- suite-Craftyfy_Test_Suite-class-failed -->
          <div class="suite-Craftyfy_Test_Suite-class-failed">
            <div class="main-panel-header rounded-window-top">
              <img src="failed.png"/>
              <span class="class-name">testcases.LoginTest</span>
            </div> <!-- main-panel-header rounded-window-top -->
            <div class="main-panel-content rounded-window-bottom">
              <div class="method">
                <div class="method-content">
                  <a name="tc04_additemWithoutImage">
                  </a> <!-- tc04_additemWithoutImage -->
                  <span class="method-name">tc04_additemWithoutImage</span>
                  <div class="stack-trace">org.openqa.selenium.InvalidArgumentException: invalid argument: &apos;text&apos; is empty
  (Session info: chrome=134.0.6998.178)
Build info: version: &apos;4.28.1&apos;, revision: &apos;73f5ad48a2&apos;
System info: os.name: &apos;Windows 11&apos;, os.arch: &apos;amd64&apos;, os.version: &apos;10.0&apos;, java.version: &apos;23.0.1&apos;
Driver info: org.openqa.selenium.chrome.ChromeDriver
Command: [4e8ca4e2f89213e226e85bc7d3830c68, sendKeysToElement {id=f.ED73DA796E62BFF9874B203D9A94DA1E.d.BAF04E3B458D1BF066CE5C31F828987C.e.29, value=[Ljava.lang.CharSequence;@6ab4ba9f}]
Capabilities {acceptInsecureCerts: false, browserName: chrome, browserVersion: 134.0.6998.178, chrome: {chromedriverVersion: 134.0.6998.165 (fd886e2cb29..., userDataDir: C:\Users\HP\AppData\Local\T...}, fedcm:accounts: true, goog:chromeOptions: {debuggerAddress: localhost:64602}, networkConnectionEnabled: false, pageLoadStrategy: normal, platformName: windows, proxy: Proxy(), se:cdp: ws://localhost:64602/devtoo..., se:cdpVersion: 134.0.6998.178, setWindowRect: true, strictFileInteractability: false, timeouts: {implicit: 0, pageLoad: 300000, script: 30000}, unhandledPromptBehavior: dismiss and notify, webauthn:extension:credBlob: true, webauthn:extension:largeBlob: true, webauthn:extension:minPinLength: true, webauthn:extension:prf: true, webauthn:virtualAuthenticators: true}
Element: [[ChromeDriver: chrome on windows (4e8ca4e2f89213e226e85bc7d3830c68)] -&gt; xpath: //input[@id=&apos;image1&apos;]]
Session ID: 4e8ca4e2f89213e226e85bc7d3830c68
	at org.openqa.selenium.remote.ErrorCodec.decode(ErrorCodec.java:167)
	at org.openqa.selenium.remote.codec.w3c.W3CHttpResponseCodec.decode(W3CHttpResponseCodec.java:138)
	at org.openqa.selenium.remote.codec.w3c.W3CHttpResponseCodec.decode(W3CHttpResponseCodec.java:50)
	at org.openqa.selenium.remote.HttpCommandExecutor.execute(HttpCommandExecutor.java:215)
	at org.openqa.selenium.remote.service.DriverCommandExecutor.invokeExecute(DriverCommandExecutor.java:216)
	at org.openqa.selenium.remote.service.DriverCommandExecutor.execute(DriverCommandExecutor.java:174)
	at org.openqa.selenium.remote.RemoteWebDriver.execute(RemoteWebDriver.java:545)
	at org.openqa.selenium.remote.RemoteWebElement.execute(RemoteWebElement.java:223)
	at org.openqa.selenium.remote.RemoteWebElement.sendKeys(RemoteWebElement.java:110)
	at pages.AddProduct.addItem(AddProduct.java:123)
	at testcases.LoginTest.tc04_additemWithoutImage(LoginTest.java:47)
	at java.base/java.util.ArrayList.forEach(ArrayList.java:1597)
... Removed 28 stack frames
</div> <!-- stack-trace -->
                </div> <!-- method-content -->
              </div> <!-- method -->
              <div class="method">
                <div class="method-content">
                  <a name="tc07_list">
                  </a> <!-- tc07_list -->
                  <span class="method-name">tc07_list</span>
                  <div class="stack-trace">org.openqa.selenium.ElementClickInterceptedException: element click intercepted: Element &lt;p class=&quot;text-right md:text-center cursor-pointer text-lg&quot;&gt;...&lt;/p&gt; is not clickable at point (1182, 28). Other element would receive the click: &lt;div id=&quot;2&quot; tabindex=&quot;0&quot; data-in=&quot;true&quot; class=&quot;Toastify__toast Toastify__toast-theme--light Toastify__toast--success&quot; role=&quot;alert&quot;&gt;...&lt;/div&gt;
  (Session info: chrome=134.0.6998.178)
Build info: version: &apos;4.28.1&apos;, revision: &apos;73f5ad48a2&apos;
System info: os.name: &apos;Windows 11&apos;, os.arch: &apos;amd64&apos;, os.version: &apos;10.0&apos;, java.version: &apos;23.0.1&apos;
Driver info: org.openqa.selenium.chrome.ChromeDriver
Command: [4e8ca4e2f89213e226e85bc7d3830c68, clickElement {id=f.ED73DA796E62BFF9874B203D9A94DA1E.d.BAF04E3B458D1BF066CE5C31F828987C.e.150}]
Capabilities {acceptInsecureCerts: false, browserName: chrome, browserVersion: 134.0.6998.178, chrome: {chromedriverVersion: 134.0.6998.165 (fd886e2cb29..., userDataDir: C:\Users\HP\AppData\Local\T...}, fedcm:accounts: true, goog:chromeOptions: {debuggerAddress: localhost:64602}, networkConnectionEnabled: false, pageLoadStrategy: normal, platformName: windows, proxy: Proxy(), se:cdp: ws://localhost:64602/devtoo..., se:cdpVersion: 134.0.6998.178, setWindowRect: true, strictFileInteractability: false, timeouts: {implicit: 0, pageLoad: 300000, script: 30000}, unhandledPromptBehavior: dismiss and notify, webauthn:extension:credBlob: true, webauthn:extension:largeBlob: true, webauthn:extension:minPinLength: true, webauthn:extension:prf: true, webauthn:virtualAuthenticators: true}
Element: [[ChromeDriver: chrome on windows (4e8ca4e2f89213e226e85bc7d3830c68)] -&gt; xpath: //p[text()=&apos;X&apos;]]
Session ID: 4e8ca4e2f89213e226e85bc7d3830c68
	at org.openqa.selenium.remote.ErrorCodec.decode(ErrorCodec.java:167)
	at org.openqa.selenium.remote.codec.w3c.W3CHttpResponseCodec.decode(W3CHttpResponseCodec.java:138)
	at org.openqa.selenium.remote.codec.w3c.W3CHttpResponseCodec.decode(W3CHttpResponseCodec.java:50)
	at org.openqa.selenium.remote.HttpCommandExecutor.execute(HttpCommandExecutor.java:215)
	at org.openqa.selenium.remote.service.DriverCommandExecutor.invokeExecute(DriverCommandExecutor.java:216)
	at org.openqa.selenium.remote.service.DriverCommandExecutor.execute(DriverCommandExecutor.java:174)
	at org.openqa.selenium.remote.RemoteWebDriver.execute(RemoteWebDriver.java:545)
	at org.openqa.selenium.remote.RemoteWebElement.execute(RemoteWebElement.java:223)
	at org.openqa.selenium.remote.RemoteWebElement.click(RemoteWebElement.java:76)
	at pages.AdminLoginPage.removal(AdminLoginPage.java:64)
	at testcases.LoginTest.tc07_list(LoginTest.java:73)
	at java.base/java.util.ArrayList.forEach(ArrayList.java:1597)
... Removed 28 stack frames
</div> <!-- stack-trace -->
                </div> <!-- method-content -->
              </div> <!-- method -->
            </div> <!-- main-panel-content rounded-window-bottom -->
          </div> <!-- suite-Craftyfy_Test_Suite-class-failed -->
          <div class="suite-Craftyfy_Test_Suite-class-passed">
            <div class="main-panel-header rounded-window-top">
              <img src="passed.png"/>
              <span class="class-name">testcases.PaymentTest</span>
            </div> <!-- main-panel-header rounded-window-top -->
            <div class="main-panel-content rounded-window-bottom">
              <div class="method">
                <div class="method-content">
                  <a name="invalidSignUp">
                  </a> <!-- invalidSignUp -->
                  <span class="method-name">invalidSignUp</span>
                </div> <!-- method-content -->
              </div> <!-- method -->
              <div class="method">
                <div class="method-content">
                  <a name="logTest">
                  </a> <!-- logTest -->
                  <span class="method-name">logTest</span>
                </div> <!-- method-content -->
              </div> <!-- method -->
              <div class="method">
                <div class="method-content">
                  <a name="payTest">
                  </a> <!-- payTest -->
                  <span class="method-name">payTest</span>
                </div> <!-- method-content -->
              </div> <!-- method -->
            </div> <!-- main-panel-content rounded-window-bottom -->
          </div> <!-- suite-Craftyfy_Test_Suite-class-passed -->
          <div class="suite-Craftyfy_Test_Suite-class-passed">
            <div class="main-panel-header rounded-window-top">
              <img src="passed.png"/>
              <span class="class-name">testcases.LoginTest</span>
            </div> <!-- main-panel-header rounded-window-top -->
            <div class="main-panel-content rounded-window-bottom">
              <div class="method">
                <div class="method-content">
                  <a name="tc01_login">
                  </a> <!-- tc01_login -->
                  <span class="method-name">tc01_login</span>
                </div> <!-- method-content -->
              </div> <!-- method -->
              <div class="method">
                <div class="method-content">
                  <a name="tc02_addItem">
                  </a> <!-- tc02_addItem -->
                  <span class="method-name">tc02_addItem</span>
                </div> <!-- method-content -->
              </div> <!-- method -->
              <div class="method">
                <div class="method-content">
                  <a name="tc03_addpdfexceptImage">
                  </a> <!-- tc03_addpdfexceptImage -->
                  <span class="method-name">tc03_addpdfexceptImage</span>
                </div> <!-- method-content -->
              </div> <!-- method -->
              <div class="method">
                <div class="method-content">
                  <a name="tc05_addWithoutPdtname">
                  </a> <!-- tc05_addWithoutPdtname -->
                  <span class="method-name">tc05_addWithoutPdtname</span>
                </div> <!-- method-content -->
              </div> <!-- method -->
              <div class="method">
                <div class="method-content">
                  <a name="tc06_listItem">
                  </a> <!-- tc06_listItem -->
                  <span class="method-name">tc06_listItem</span>
                </div> <!-- method-content -->
              </div> <!-- method -->
              <div class="method">
                <div class="method-content">
                  <a name="tc09_orderstatus">
                  </a> <!-- tc09_orderstatus -->
                  <span class="method-name">tc09_orderstatus</span>
                </div> <!-- method-content -->
              </div> <!-- method -->
              <div class="method">
                <div class="method-content">
                  <a name="tc10_logout">
                  </a> <!-- tc10_logout -->
                  <span class="method-name">tc10_logout</span>
                </div> <!-- method-content -->
              </div> <!-- method -->
            </div> <!-- main-panel-content rounded-window-bottom -->
          </div> <!-- suite-Craftyfy_Test_Suite-class-passed -->
        </div> <!-- panel Craftyfy_Test_Suite -->
        <div panel-name="test-xml-Craftyfy_Test_Suite" class="panel">
          <div class="main-panel-header rounded-window-top">
            <span class="header-content">E:\internship\Craftyfy\testng.xml</span>
          </div> <!-- main-panel-header rounded-window-top -->
          <div class="main-panel-content rounded-window-bottom">
            <pre>
&lt;?xml version=&quot;1.0&quot; encoding=&quot;UTF-8&quot;?&gt;
&lt;!DOCTYPE suite SYSTEM &quot;https://testng.org/testng-1.0.dtd&quot;&gt;
&lt;suite name=&quot;Craftyfy Test Suite&quot; guice-stage=&quot;DEVELOPMENT&quot;&gt;
  &lt;test thread-count=&quot;5&quot; name=&quot;Payment Test&quot;&gt;
    &lt;classes&gt;
      &lt;class name=&quot;testcases.PaymentTest&quot;/&gt;
    &lt;/classes&gt;
  &lt;/test&gt; &lt;!-- Payment Test --&gt;
  &lt;test thread-count=&quot;5&quot; name=&quot;Login Test&quot;&gt;
    &lt;classes&gt;
      &lt;class name=&quot;testcases.LoginTest&quot;/&gt;
    &lt;/classes&gt;
  &lt;/test&gt; &lt;!-- Login Test --&gt;
&lt;/suite&gt; &lt;!-- Craftyfy Test Suite --&gt;
            </pre>
          </div> <!-- main-panel-content rounded-window-bottom -->
        </div> <!-- panel -->
        <div panel-name="testlist-Craftyfy_Test_Suite" class="panel">
          <div class="main-panel-header rounded-window-top">
            <span class="header-content">Tests for Craftyfy Test Suite</span>
          </div> <!-- main-panel-header rounded-window-top -->
          <div class="main-panel-content rounded-window-bottom">
            <ul>
              <li>
                <span class="test-name">Payment Test (1 class)</span>
              </li>
              <li>
                <span class="test-name">Login Test (1 class)</span>
              </li>
            </ul>
          </div> <!-- main-panel-content rounded-window-bottom -->
        </div> <!-- panel -->
        <div panel-name="group-Craftyfy_Test_Suite" class="panel">
          <div class="main-panel-header rounded-window-top">
            <span class="header-content">Groups for Craftyfy Test Suite</span>
          </div> <!-- main-panel-header rounded-window-top -->
          <div class="main-panel-content rounded-window-bottom">
          </div> <!-- main-panel-content rounded-window-bottom -->
        </div> <!-- panel -->
        <div panel-name="times-Craftyfy_Test_Suite" class="panel">
          <div class="main-panel-header rounded-window-top">
            <span class="header-content">Times for Craftyfy Test Suite</span>
          </div> <!-- main-panel-header rounded-window-top -->
          <div class="main-panel-content rounded-window-bottom">
            <div class="times-div">
              <script type="text/javascript">
suiteTableInitFunctions.push('tableData_Craftyfy_Test_Suite');
function tableData_Craftyfy_Test_Suite() {
var data = new google.visualization.DataTable();
data.addColumn('number', 'Number');
data.addColumn('string', 'Method');
data.addColumn('string', 'Class');
data.addColumn('number', 'Time (ms)');
data.addRows(13);
data.setCell(0, 0, 0)
data.setCell(0, 1, 'logTest')
data.setCell(0, 2, 'testcases.PaymentTest')
data.setCell(0, 3, 19936);
data.setCell(1, 0, 1)
data.setCell(1, 1, 'payTest')
data.setCell(1, 2, 'testcases.PaymentTest')
data.setCell(1, 3, 10632);
data.setCell(2, 0, 2)
data.setCell(2, 1, 'validSignUp')
data.setCell(2, 2, 'testcases.PaymentTest')
data.setCell(2, 3, 10617);
data.setCell(3, 0, 3)
data.setCell(3, 1, 'tc02_addItem')
data.setCell(3, 2, 'testcases.LoginTest')
data.setCell(3, 3, 6035);
data.setCell(4, 0, 4)
data.setCell(4, 1, 'tc05_addWithoutPdtname')
data.setCell(4, 2, 'testcases.LoginTest')
data.setCell(4, 3, 3410);
data.setCell(5, 0, 5)
data.setCell(5, 1, 'tc09_orderstatus')
data.setCell(5, 2, 'testcases.LoginTest')
data.setCell(5, 3, 3239);
data.setCell(6, 0, 6)
data.setCell(6, 1, 'invalidSignUp')
data.setCell(6, 2, 'testcases.PaymentTest')
data.setCell(6, 3, 3084);
data.setCell(7, 0, 7)
data.setCell(7, 1, 'tc03_addpdfexceptImage')
data.setCell(7, 2, 'testcases.LoginTest')
data.setCell(7, 3, 1783);
data.setCell(8, 0, 8)
data.setCell(8, 1, 'tc07_list')
data.setCell(8, 2, 'testcases.LoginTest')
data.setCell(8, 3, 1628);
data.setCell(9, 0, 9)
data.setCell(9, 1, 'tc06_listItem')
data.setCell(9, 2, 'testcases.LoginTest')
data.setCell(9, 3, 1417);
data.setCell(10, 0, 10)
data.setCell(10, 1, 'tc01_login')
data.setCell(10, 2, 'testcases.LoginTest')
data.setCell(10, 3, 458);
data.setCell(11, 0, 11)
data.setCell(11, 1, 'tc04_additemWithoutImage')
data.setCell(11, 2, 'testcases.LoginTest')
data.setCell(11, 3, 230);
data.setCell(12, 0, 12)
data.setCell(12, 1, 'tc10_logout')
data.setCell(12, 2, 'testcases.LoginTest')
data.setCell(12, 3, 113);
window.suiteTableData['Craftyfy_Test_Suite']= { tableData: data, tableDiv: 'times-div-Craftyfy_Test_Suite'}
return data;
}
              </script>
              <span class="suite-total-time">Total running time: 1 minutes</span>
              <div id="times-div-Craftyfy_Test_Suite">
              </div> <!-- times-div-Craftyfy_Test_Suite -->
            </div> <!-- times-div -->
          </div> <!-- main-panel-content rounded-window-bottom -->
        </div> <!-- panel -->
        <div panel-name="reporter-Craftyfy_Test_Suite" class="panel">
          <div class="main-panel-header rounded-window-top">
            <span class="header-content">Reporter output for Craftyfy Test Suite</span>
          </div> <!-- main-panel-header rounded-window-top -->
          <div class="main-panel-content rounded-window-bottom">
          </div> <!-- main-panel-content rounded-window-bottom -->
        </div> <!-- panel -->
        <div panel-name="ignored-methods-Craftyfy_Test_Suite" class="panel">
          <div class="main-panel-header rounded-window-top">
            <span class="header-content">0 ignored methods</span>
          </div> <!-- main-panel-header rounded-window-top -->
          <div class="main-panel-content rounded-window-bottom">
          </div> <!-- main-panel-content rounded-window-bottom -->
        </div> <!-- panel -->
        <div panel-name="chronological-Craftyfy_Test_Suite" class="panel">
          <div class="main-panel-header rounded-window-top">
            <span class="header-content">Methods in chronological order</span>
          </div> <!-- main-panel-header rounded-window-top -->
          <div class="main-panel-content rounded-window-bottom">
            <div class="chronological-class">
              <div class="chronological-class-name">testcases.PaymentTest</div> <!-- chronological-class-name -->
              <div class="configuration-test before">
                <span class="method-name">bfClass</span>
                <span class="method-start">0 ms</span>
              </div> <!-- configuration-test before -->
              <div class="configuration-class before">
                <span class="method-name">bfTest</span>
                <span class="method-start">8924 ms</span>
              </div> <!-- configuration-class before -->
              <div class="test-method">
                <img src="failed.png">
                </img>
                <span class="method-name">validSignUp</span>
                <span class="method-start">9046 ms</span>
              </div> <!-- test-method -->
              <div class="test-method">
                <span class="method-name">invalidSignUp</span>
                <span class="method-start">19691 ms</span>
              </div> <!-- test-method -->
              <div class="test-method">
                <span class="method-name">logTest</span>
                <span class="method-start">22824 ms</span>
              </div> <!-- test-method -->
              <div class="test-method">
                <span class="method-name">payTest</span>
                <span class="method-start">42769 ms</span>
              </div> <!-- test-method -->
              <div class="configuration-test after">
                <span class="method-name">driverQuit</span>
                <span class="method-start">53412 ms</span>
              </div> <!-- configuration-test after -->
            </div> <!-- chronological-class -->
            <div class="chronological-class">
              <div class="chronological-class-name">testcases.LoginTest</div> <!-- chronological-class-name -->
              <div class="configuration-test before">
                <span class="method-name">firstMet</span>
                <span class="method-start">54539 ms</span>
              </div> <!-- configuration-test before -->
              <div class="configuration-class before">
                <span class="method-name">objInt</span>
                <span class="method-start">59061 ms</span>
              </div> <!-- configuration-class before -->
              <div class="test-method">
                <span class="method-name">tc01_login</span>
                <span class="method-start">59145 ms</span>
              </div> <!-- test-method -->
              <div class="test-method">
                <span class="method-name">tc02_addItem</span>
                <span class="method-start">59607 ms</span>
              </div> <!-- test-method -->
              <div class="test-method">
                <span class="method-name">tc03_addpdfexceptImage</span>
                <span class="method-start">65652 ms</span>
              </div> <!-- test-method -->
              <div class="test-method">
                <img src="failed.png">
                </img>
                <span class="method-name">tc04_additemWithoutImage</span>
                <span class="method-start">67435 ms</span>
              </div> <!-- test-method -->
              <div class="test-method">
                <span class="method-name">tc05_addWithoutPdtname</span>
                <span class="method-start">67688 ms</span>
              </div> <!-- test-method -->
              <div class="test-method">
                <span class="method-name">tc06_listItem</span>
                <span class="method-start">71102 ms</span>
              </div> <!-- test-method -->
              <div class="test-method">
                <img src="failed.png">
                </img>
                <span class="method-name">tc07_list</span>
                <span class="method-start">72527 ms</span>
              </div> <!-- test-method -->
              <div class="test-method">
                <span class="method-name">tc09_orderstatus</span>
                <span class="method-start">74192 ms</span>
              </div> <!-- test-method -->
              <div class="test-method">
                <span class="method-name">tc10_logout</span>
                <span class="method-start">77437 ms</span>
              </div> <!-- test-method -->
              <div class="configuration-test after">
                <span class="method-name">driverQuit</span>
                <span class="method-start">77555 ms</span>
              </div> <!-- configuration-test after -->
          </div> <!-- main-panel-content rounded-window-bottom -->
        </div> <!-- panel -->
      </div> <!-- main-panel-root -->
    </div> <!-- wrapper -->
  </body>
<script type="text/javascript" src="testng-reports2.js"></script>
</html>
